<?xml version="1.0" encoding="UTF-8"?>
<!-- Generated by org.testng.reporters.JUnitXMLReporter -->
<testsuite ignored="0" hostname="Praful" failures="0" tests="5" name="Test Cases" time="37.387" errors="0" timestamp="2023-10-05T20:36:39 IST">
  <testcase classname="TestLayer.LoginPageTest" name="validateLoginFunctionality" time="2.9"/>
  <testcase classname="TestLayer.HomePageTest" name="validateHomePageTitle" time="0.056"/>
  <testcase classname="TestLayer.HomePageTest" name="validateHomePageUrl" time="0.026"/>
  <testcase classname="TestLayer.PIMPageTest" name="validateUserOnPIMPage" time="5.848"/>
  <testcase classname="TestLayer.PIMPageTest" name="validateCreatedEmployeeFunctionality" time="2.114"/>
</testsuite> <!-- Test Cases -->
