<?xml version="1.0" encoding="UTF-8"?>
<!-- Generated by org.testng.reporters.JUnitXMLReporter -->
<testsuite ignored="0" hostname="Praful" failures="0" tests="3" name="Test Cases" time="13.021" errors="0" timestamp="2023-10-05T20:08:11 IST">
  <testcase classname="TestLayer.LoginPageTest" name="validateLoginFunctionality" time="2.442"/>
  <testcase classname="TestLayer.HomePageTest" name="validateHomePageTitle" time="0.011"/>
  <testcase classname="TestLayer.HomePageTest" name="validateHomePageUrl" time="0.007"/>
</testsuite> <!-- Test Cases -->
