<?xml version="1.0" encoding="UTF-8"?>
<testng-results ignored="0" total="1" passed="1" failed="0" skipped="0">
  <reporter-output>
  </reporter-output>
  <suite started-at="2023-10-05T20:00:34 IST" name="Default suite" finished-at="2023-10-05T20:00:48 IST" duration-ms="14372">
    <groups>
    </groups>
    <test started-at="2023-10-05T20:00:34 IST" name="Default test" finished-at="2023-10-05T20:00:48 IST" duration-ms="14372">
      <class name="TestLayer.LoginPageTest">
        <test-method is-config="true" signature="setUp()[pri:0, instance:TestLayer.LoginPageTest@4ec4f3a0]" started-at="2023-10-05T20:00:34 IST" name="setUp" finished-at="2023-10-05T20:00:45 IST" duration-ms="11879" status="PASS">
          <reporter-output>
          </reporter-output>
        </test-method> <!-- setUp -->
        <test-method signature="validateLoginFunctionality()[pri:0, instance:TestLayer.LoginPageTest@4ec4f3a0]" started-at="2023-10-05T20:00:46 IST" name="validateLoginFunctionality" finished-at="2023-10-05T20:00:48 IST" duration-ms="2118" status="PASS">
          <reporter-output>
          </reporter-output>
        </test-method> <!-- validateLoginFunctionality -->
        <test-method is-config="true" signature="tearDown()[pri:0, instance:TestLayer.LoginPageTest@4ec4f3a0]" started-at="2023-10-05T20:00:48 IST" name="tearDown" finished-at="2023-10-05T20:00:48 IST" duration-ms="322" status="PASS">
          <reporter-output>
          </reporter-output>
        </test-method> <!-- tearDown -->
      </class> <!-- TestLayer.LoginPageTest -->
    </test> <!-- Default test -->
  </suite> <!-- Default suite -->
</testng-results>
