<?xml version="1.0" encoding="UTF-8"?>
<testng-results ignored="0" total="3" passed="3" failed="0" skipped="0">
  <reporter-output>
  </reporter-output>
  <suite started-at="2023-10-05T20:07:58 IST" name="Orange HRM Application" finished-at="2023-10-05T20:08:11 IST" duration-ms="13021">
    <groups>
    </groups>
    <test started-at="2023-10-05T20:07:58 IST" name="Test Cases" finished-at="2023-10-05T20:08:11 IST" duration-ms="13021">
      <class name="TestLayer.HomePageTest">
        <test-method signature="validateHomePageTitle()[pri:1, instance:TestLayer.HomePageTest@1b7cc17c]" started-at="2023-10-05T20:08:11 IST" name="validateHomePageTitle" finished-at="2023-10-05T20:08:11 IST" duration-ms="11" status="PASS">
          <reporter-output>
          </reporter-output>
        </test-method> <!-- validateHomePageTitle -->
        <test-method signature="validateHomePageUrl()[pri:2, instance:TestLayer.HomePageTest@1b7cc17c]" started-at="2023-10-05T20:08:11 IST" name="validateHomePageUrl" finished-at="2023-10-05T20:08:11 IST" duration-ms="7" status="PASS">
          <reporter-output>
          </reporter-output>
        </test-method> <!-- validateHomePageUrl -->
      </class> <!-- TestLayer.HomePageTest -->
      <class name="TestLayer.LoginPageTest">
        <test-method is-config="true" signature="setUp()[pri:0, instance:TestLayer.LoginPageTest@c8c12ac]" started-at="2023-10-05T20:07:58 IST" name="setUp" finished-at="2023-10-05T20:08:09 IST" duration-ms="10108" status="PASS">
          <reporter-output>
          </reporter-output>
        </test-method> <!-- setUp -->
        <test-method signature="validateLoginFunctionality()[pri:0, instance:TestLayer.LoginPageTest@c8c12ac]" started-at="2023-10-05T20:08:09 IST" name="validateLoginFunctionality" finished-at="2023-10-05T20:08:11 IST" duration-ms="2442" status="PASS">
          <reporter-output>
          </reporter-output>
        </test-method> <!-- validateLoginFunctionality -->
        <test-method is-config="true" signature="tearDown()[pri:0, instance:TestLayer.LoginPageTest@c8c12ac]" started-at="2023-10-05T20:08:11 IST" name="tearDown" finished-at="2023-10-05T20:08:11 IST" duration-ms="390" status="PASS">
          <reporter-output>
          </reporter-output>
        </test-method> <!-- tearDown -->
      </class> <!-- TestLayer.LoginPageTest -->
    </test> <!-- Test Cases -->
  </suite> <!-- Orange HRM Application -->
</testng-results>
